#
# A fatal error has been detected by the Java Runtime Environment:
#
#  EXCEPTION_ACCESS_VIOLATION (0xc0000005) at pc=0x0000000056f1d996, pid=2420, tid=2780
#
# JRE version: 6.0_17-b04
# Java VM: Java HotSpot(TM) 64-Bit Server VM (14.3-b01 mixed mode windows-amd64 )
# Problematic frame:
# C  [m_dispatcher.dll+0x2d996]
#
# If you would like to submit a bug report, please visit:
#   http://java.sun.com/webapps/bugreport/crash.jsp
# The crash happened outside the Java Virtual Machine in native code.
# See problematic frame for where to report the bug.
#

---------------  T H R E A D  ---------------

Current thread (0x00000000058ae800):  JavaThread "main" [_thread_in_native, id=2780, stack(0x00000000000c0000,0x00000000040c0000)]

siginfo: ExceptionCode=0xc0000005, reading address 0x0000314a00000000

Registers:
EAX=0x0000000000000000, EBX=0x0000000000000000, ECX=0xffffffffffffffff, EDX=0x0000000000000000
ESP=0x00000000040b7b60, EBP=0x00000000040b87b8, ESI=0xfffffe0200000000, EDI=0x000000000df5dcf0
EIP=0x0000000056f1d996, EFLAGS=0x0000000000010286

Top of Stack: (sp=0x00000000040b7b60)
0x00000000040b7b60:   0000000000000000 0000000000000000
0x00000000040b7b70:   0000000000000000 00000000040b7a30
0x00000000040b7b80:   0000000076b083c0 0000000000000014
0x00000000040b7b90:   0000000000000000 00000000040b7f70
0x00000000040b7ba0:   00000000b95d2fb0 00000000528e4686
0x00000000040b7bb0:   fffffffffffffffe 0000000000000020
0x00000000040b7bc0:   00000000ffffffff 00000000528cade0
0x00000000040b7bd0:   00000000b69c8848 0000000000000014
0x00000000040b7be0:   00000000b95d2fb0 0000000076ab4b70
0x00000000040b7bf0:   00000000b6a0aef0 0000000000000001
0x00000000040b7c00:   0000000052dd2788 0000000000000002
0x00000000040b7c10:   0000000000000030 0000000000000000
0x00000000040b7c20:   0000000000000000 0000000000000000
0x00000000040b7c30:   ffffffffffffffff 0000000000000000
0x00000000040b7c40:   0000000000000000 0000000000000000
0x00000000040b7c50:   00000000053e02a8 0000000000000000 

Instructions: (pc=0x0000000056f1d996)
0x0000000056f1d986:   ff cc cc cc cc cc cc cc cc cc 33 c0 48 83 c9 ff
0x0000000056f1d996:   4b 8b 3c ee f2 ae 48 f7 d1 48 ff c9 48 89 4c 24 


Stack: [0x00000000000c0000,0x00000000040c0000],  sp=0x00000000040b7b60,  free space=65502k
Native frames: (J=compiled Java code, j=interpreted, Vv=VM code, C=native code)
C  [m_dispatcher.dll+0x2d996]

Java frames: (J=compiled Java code, j=interpreted, Vv=VM code)
j  com.mathworks.jmi.NativeMatlab.SendMatlabMessage(Ljava/lang/Object;)Ljava/lang/Object;+0
j  com.mathworks.jmi.NativeMatlab.sendMatlabMessage(Ljava/lang/Object;)Ljava/lang/Object;+22
j  com.mathworks.jmi.MatlabLooper.sendMatlabMessage(Lcom/mathworks/services/message/MWMessage;)Ljava/lang/Object;+20
j  com.mathworks.jmi.Matlab.mtFevalConsoleOutput(Ljava/lang/String;[Ljava/lang/Object;I)Ljava/lang/Object;+58
j  com.mathworks.mde.desk.MLDesktop$9.run()V+14
j  com.mathworks.jmi.NativeMatlab.dispatchMTRequests(Z)V+57
v  ~StubRoutines::call_stub

---------------  P R O C E S S  ---------------

Java Threads: ( => current thread )
  0x0000000052294000 JavaThread "Inactive RequestProcessor thread [Was:TimedSoftReference/org.openide.util.TimedSoftReference]" daemon [_thread_blocked, id=1592, stack(0x000000000e2b0000,0x000000000e330000)]
  0x0000000052290800 JavaThread "RequestQueue for GenericFileList" [_thread_blocked, id=3984, stack(0x00000000275d0000,0x0000000027650000)]
  0x000000005228f000 JavaThread "Code Analyzer updating thread" [_thread_blocked, id=4008, stack(0x0000000072110000,0x0000000072190000)]
  0x0000000051bb0000 JavaThread "Active Reference Queue Daemon" daemon [_thread_blocked, id=1860, stack(0x0000000067e90000,0x0000000067f10000)]
  0x0000000051baf000 JavaThread "Timer-7" daemon [_thread_blocked, id=1172, stack(0x0000000071620000,0x00000000716a0000)]
  0x0000000051bae000 JavaThread "Timer-6" daemon [_thread_blocked, id=7584, stack(0x0000000070f30000,0x0000000070fb0000)]
  0x0000000051bab800 JavaThread "Prefs Updater" daemon [_thread_blocked, id=6476, stack(0x0000000055750000,0x00000000557d0000)]
  0x0000000051baa000 JavaThread "Timer-1" [_thread_blocked, id=6508, stack(0x00000000554d0000,0x0000000055550000)]
  0x0000000051ba9800 JavaThread "FelixPackageAdmin" daemon [_thread_blocked, id=2320, stack(0x0000000052810000,0x0000000052890000)]
  0x0000000051ba8800 JavaThread "FelixStartLevel" daemon [_thread_blocked, id=7436, stack(0x000000000dc50000,0x000000000dcd0000)]
  0x00000000520c6000 JavaThread "FelixDispatchQueue" daemon [_thread_blocked, id=6248, stack(0x0000000053920000,0x00000000539a0000)]
  0x0000000051b33000 JavaThread "TimerQueue" daemon [_thread_blocked, id=4880, stack(0x0000000052450000,0x00000000524d0000)]
  0x0000000051cee800 JavaThread "AWT-EventQueue-0" [_thread_blocked, id=852, stack(0x00000000523d0000,0x0000000052450000)]
  0x0000000051c07800 JavaThread "com.google.common.base.internal.Finalizer" daemon [_thread_blocked, id=3832, stack(0x000000001d240000,0x000000001d2c0000)]
  0x00000000518f1800 JavaThread "AWT-Windows" daemon [_thread_in_native, id=6924, stack(0x000000004cb10000,0x000000004cb90000)]
  0x00000000518f1000 JavaThread "AWT-Shutdown" [_thread_blocked, id=1312, stack(0x0000000021400000,0x0000000021480000)]
  0x00000000518f0000 JavaThread "Java2D Disposer" daemon [_thread_blocked, id=7392, stack(0x000000001d2d0000,0x000000001d350000)]
  0x00000000516d9000 JavaThread "Timer-0" [_thread_blocked, id=1540, stack(0x0000000009570000,0x00000000095f0000)]
  0x0000000051475800 JavaThread "JMI Unnamed Thread" [_thread_in_native, id=8032, stack(0x0000000010f50000,0x0000000014f50000)]
  0x00000000093b9800 JavaThread "Low Memory Detector" daemon [_thread_blocked, id=6824, stack(0x0000000014f80000,0x0000000015000000)]
  0x00000000093b4000 JavaThread "CompilerThread1" daemon [_thread_blocked, id=6640, stack(0x00000000902f0000,0x00000000942f0000)]
  0x00000000093b0000 JavaThread "CompilerThread0" daemon [_thread_blocked, id=5196, stack(0x000000008c2d0000,0x00000000902d0000)]
  0x00000000093ae000 JavaThread "Attach Listener" daemon [_thread_blocked, id=6624, stack(0x0000000015000000,0x0000000015080000)]
  0x0000000009394800 JavaThread "Finalizer" daemon [_thread_blocked, id=7804, stack(0x000000000dbd0000,0x000000000dc50000)]
  0x000000000938e800 JavaThread "Reference Handler" daemon [_thread_blocked, id=5648, stack(0x000000000fb10000,0x000000000fb90000)]
=>0x00000000058ae800 JavaThread "main" [_thread_in_native, id=2780, stack(0x00000000000c0000,0x00000000040c0000)]

Other Threads:
  0x000000000938b800 VMThread [stack: 0x00000000882d0000,0x000000008c2d0000] [id=6264]
  0x00000000093bf000 WatcherThread [stack: 0x0000000094410000,0x0000000098410000] [id=6192]

VM state:not at safepoint (normal execution)

VM Mutex/Monitor currently owned by a thread: None

Heap
 PSYoungGen      total 30528K, used 17865K [0x000000003d860000, 0x0000000040160000, 0x0000000040960000)
  eden space 19328K, 60% used [0x000000003d860000,0x000000003e3d6e80,0x000000003eb40000)
  from space 11200K, 54% used [0x000000003f670000,0x000000003fc6b600,0x0000000040160000)
  to   space 11328K, 0% used [0x000000003eb40000,0x000000003eb40000,0x000000003f650000)
 PSOldGen        total 93440K, used 46727K [0x0000000034560000, 0x000000003a0a0000, 0x000000003d860000)
  object space 93440K, 50% used [0x0000000034560000,0x0000000037301c48,0x000000003a0a0000)
 PSPermGen       total 111424K, used 59944K [0x000000002c560000, 0x0000000033230000, 0x0000000034560000)
  object space 111424K, 53% used [0x000000002c560000,0x000000002ffea368,0x0000000033230000)

Dynamic libraries:
0x000000013f0d0000 - 0x000000013f0f9000 	C:\Program Files\MATLAB\R2011b\bin\win64\MATLAB.exe
0x0000000077690000 - 0x0000000077839000 	C:\Windows\SYSTEM32\ntdll.dll
0x0000000077570000 - 0x0000000077690000 	C:\Windows\system32\kernel32.dll
0x000007fefd780000 - 0x000007fefd7ec000 	C:\Windows\system32\KERNELBASE.dll
0x0000000074460000 - 0x0000000074563000 	C:\Program Files\MATLAB\R2011b\bin\win64\libut.dll
0x00000000758a0000 - 0x0000000075944000 	C:\Program Files\MATLAB\R2011b\bin\win64\libmwi18n.dll
0x0000000180000000 - 0x000000018000b000 	C:\Program Files\MATLAB\R2011b\bin\win64\libmwresource_core.dll
0x0000000071d50000 - 0x0000000071e23000 	C:\Windows\WinSxS\amd64_microsoft.vc90.crt_1fc8b3b9a1e18e3b_9.0.30729.6161_none_08e61857a83bc251\MSVCP90.dll
0x0000000071e30000 - 0x0000000071ed3000 	C:\Windows\WinSxS\amd64_microsoft.vc90.crt_1fc8b3b9a1e18e3b_9.0.30729.6161_none_08e61857a83bc251\MSVCR90.dll
0x000000007a170000 - 0x000000007a19c000 	C:\Program Files\MATLAB\R2011b\bin\win64\boost_filesystem-vc90-mt-1_44.dll
0x000000007a560000 - 0x000000007a569000 	C:\Program Files\MATLAB\R2011b\bin\win64\boost_system-vc90-mt-1_44.dll
0x000007feff430000 - 0x000007feff50b000 	C:\Windows\system32\ADVAPI32.dll
0x000007feff650000 - 0x000007feff6ef000 	C:\Windows\system32\msvcrt.dll
0x000007fefe840000 - 0x000007fefe85f000 	C:\Windows\SYSTEM32\sechost.dll
0x000007feff510000 - 0x000007feff63d000 	C:\Windows\system32\RPCRT4.dll
0x000000007a010000 - 0x000000007a035000 	C:\Program Files\MATLAB\R2011b\bin\win64\LIBEXPAT.dll
0x0000000056fa0000 - 0x0000000057191000 	C:\Program Files\MATLAB\R2011b\bin\win64\icuin44.dll
0x0000000057220000 - 0x0000000057391000 	C:\Program Files\MATLAB\R2011b\bin\win64\icuuc44.dll
0x0000000010000000 - 0x0000000010e41000 	C:\Program Files\MATLAB\R2011b\bin\win64\icudt44.dll
0x0000000073f70000 - 0x00000000740b5000 	C:\Program Files\MATLAB\R2011b\bin\win64\libmwfl.dll
0x000000007a350000 - 0x000000007a556000 	C:\Program Files\MATLAB\R2011b\bin\win64\libmwMATLAB_res.dll
0x0000000004170000 - 0x0000000004180000 	C:\Program Files\MATLAB\R2011b\bin\win64\boost_date_time-vc90-mt-1_44.dll
0x000000007a250000 - 0x000000007a263000 	C:\Program Files\MATLAB\R2011b\bin\win64\boost_signals-vc90-mt-1_44.dll
0x000000007a2d0000 - 0x000000007a2e2000 	C:\Program Files\MATLAB\R2011b\bin\win64\boost_thread-vc90-mt-1_44.dll
0x00000000041b0000 - 0x00000000041f6000 	C:\Program Files\MATLAB\R2011b\bin\win64\tbb.dll
0x000007feff810000 - 0x000007feff829000 	C:\Windows\system32\imagehlp.dll
0x0000000077860000 - 0x0000000077867000 	C:\Windows\system32\PSAPI.DLL
0x0000000067850000 - 0x0000000067863000 	C:\Program Files\MATLAB\R2011b\bin\win64\icuio44.dll
0x000007feefca0000 - 0x000007feefdc5000 	C:\Windows\system32\dbghelp.dll
0x0000000077470000 - 0x000000007756a000 	C:\Windows\system32\USER32.dll
0x000007fefd7f0000 - 0x000007fefd857000 	C:\Windows\system32\GDI32.dll
0x000007feff640000 - 0x000007feff64e000 	C:\Windows\system32\LPK.dll
0x000007fefd930000 - 0x000007fefd9f9000 	C:\Windows\system32\USP10.dll
0x000000007bed0000 - 0x000000007c148000 	C:\Program Files\MATLAB\R2011b\bin\win64\libmwservices.dll
0x0000000075a20000 - 0x0000000075ad5000 	C:\Program Files\MATLAB\R2011b\bin\win64\libmx.dll
0x000000007a210000 - 0x000000007a228000 	C:\Program Files\MATLAB\R2011b\bin\win64\zlib1.dll
0x0000000074330000 - 0x0000000074453000 	C:\Program Files\MATLAB\R2011b\bin\win64\libmwmathutil.dll
0x0000000075f10000 - 0x0000000075f5d000 	C:\Program Files\MATLAB\R2011b\bin\win64\mpath.dll
0x000000007b680000 - 0x000000007bb4d000 	C:\Program Files\MATLAB\R2011b\bin\win64\mlutil.dll
0x00000000571a0000 - 0x000000005721f000 	C:\Program Files\MATLAB\R2011b\bin\win64\xmlcore.dll
0x000000007bc30000 - 0x000000007be83000 	C:\Program Files\MATLAB\R2011b\bin\win64\xerces-c_2_7.dll
0x000007fefe7f0000 - 0x000007fefe83d000 	C:\Windows\system32\WS2_32.dll
0x000007feff990000 - 0x000007feff998000 	C:\Windows\system32\NSI.dll
0x00000000043a0000 - 0x00000000043b6000 	C:\Program Files\MATLAB\R2011b\bin\win64\libmwsettings_res.dll
0x00000000043d0000 - 0x0000000004417000 	C:\Program Files\MATLAB\R2011b\bin\win64\boost_serialization-vc90-mt-1_44.dll
0x000007fefda00000 - 0x000007fefe789000 	C:\Windows\system32\SHELL32.dll
0x000007feff830000 - 0x000007feff8a1000 	C:\Windows\system32\SHLWAPI.dll
0x000007fefa540000 - 0x000007fefa5e0000 	C:\Windows\WinSxS\amd64_microsoft.windows.common-controls_6595b64144ccf1df_5.82.7601.18837_none_a4d981ff711297b6\COMCTL32.dll
0x000007fefd860000 - 0x000007fefd8f7000 	C:\Windows\system32\COMDLG32.dll
0x000007fefb2b0000 - 0x000007fefb2c6000 	C:\Windows\system32\NETAPI32.dll
0x000007fefb2a0000 - 0x000007fefb2ac000 	C:\Windows\system32\netutils.dll
0x000007fefcf10000 - 0x000007fefcf33000 	C:\Windows\system32\srvcli.dll
0x000007fefb280000 - 0x000007fefb295000 	C:\Windows\system32\wkscli.dll
0x000007fefeb30000 - 0x000007fefed33000 	C:\Windows\system32\ole32.dll
0x000007feff8b0000 - 0x000007feff987000 	C:\Windows\system32\OLEAUT32.dll
0x0000000074970000 - 0x0000000074a41000 	C:\Program Files\MATLAB\R2011b\bin\win64\mcr.dll
0x0000000075000000 - 0x0000000075324000 	C:\Program Files\MATLAB\R2011b\bin\win64\iqm.dll
0x00000000528b0000 - 0x0000000053080000 	C:\Program Files\MATLAB\R2011b\bin\win64\m_interpreter.dll
0x0000000067870000 - 0x0000000067885000 	C:\Program Files\MATLAB\R2011b\bin\win64\libmex.dll
0x0000000056ef0000 - 0x0000000056f9e000 	C:\Program Files\MATLAB\R2011b\bin\win64\m_dispatcher.dll
0x0000000074880000 - 0x000000007496d000 	C:\Program Files\MATLAB\R2011b\bin\win64\boost_regex-vc90-mt-1_44.dll
0x0000000056e60000 - 0x0000000056ee4000 	C:\Program Files\MATLAB\R2011b\bin\win64\profiler.dll
0x0000000079f40000 - 0x0000000079f73000 	C:\Program Files\MATLAB\R2011b\bin\win64\libmwmathrng.dll
0x0000000074c10000 - 0x0000000074cea000 	C:\Program Files\MATLAB\R2011b\bin\win64\libmwmathcore.dll
0x0000000076160000 - 0x00000000761cb000 	C:\Program Files\MATLAB\R2011b\bin\win64\libmwspmatrix.dll
0x0000000075ea0000 - 0x0000000075f02000 	C:\Program Files\MATLAB\R2011b\bin\libmwcholmod.dll
0x00000000044e0000 - 0x00000000044ed000 	C:\Program Files\MATLAB\R2011b\bin\win64\libmwamd.dll
0x0000000004500000 - 0x000000000450c000 	C:\Program Files\MATLAB\R2011b\bin\win64\libmwcolamd.dll
0x0000000065e90000 - 0x0000000065ea9000 	C:\Program Files\MATLAB\R2011b\bin\win64\libmwblas.dll
0x0000000067830000 - 0x0000000067842000 	C:\Program Files\MATLAB\R2011b\bin\win64\libmwbinder.dll
0x0000000065e80000 - 0x0000000065e8b000 	C:\Program Files\MATLAB\R2011b\bin\win64\libmwompwrapper.dll
0x0000000056dd0000 - 0x0000000056e52000 	C:\Program Files\MATLAB\R2011b\bin\win64\libmwlapack.dll
0x0000000065e50000 - 0x0000000065e71000 	C:\Program Files\MATLAB\R2011b\bin\win64\m_pcodeio.dll
0x0000000079b10000 - 0x0000000079b77000 	C:\Program Files\MATLAB\R2011b\bin\win64\m_ir.dll
0x0000000053210000 - 0x0000000053850000 	C:\Program Files\MATLAB\R2011b\bin\win64\m_parser.dll
0x0000000065e30000 - 0x0000000065e4a000 	C:\Program Files\MATLAB\R2011b\bin\win64\ir_xfmr.dll
0x00000000540b0000 - 0x0000000054335000 	C:\Program Files\MATLAB\R2011b\bin\win64\mcos.dll
0x0000000067820000 - 0x000000006782c000 	C:\Program Files\MATLAB\R2011b\bin\win64\mtok.dll
0x000000005a860000 - 0x000000005a891000 	C:\Program Files\MATLAB\R2011b\bin\win64\m_pcodegen.dll
0x0000000079fb0000 - 0x0000000079fe5000 	C:\Program Files\MATLAB\R2011b\bin\win64\libmwbridge.dll
0x0000000056960000 - 0x0000000056a28000 	C:\Program Files\MATLAB\R2011b\bin\win64\udd.dll
0x0000000056810000 - 0x0000000056957000 	C:\Program Files\MATLAB\R2011b\bin\win64\libmwgui.dll
0x000000005a840000 - 0x000000005a857000 	C:\Program Files\MATLAB\R2011b\bin\win64\graphics_util.dll
0x0000000004610000 - 0x0000000004fc0000 	C:\Program Files\MATLAB\R2011b\bin\win64\hg.dll
0x0000000076100000 - 0x0000000076158000 	C:\Program Files\MATLAB\R2011b\bin\win64\libmat.dll
0x0000000072d30000 - 0x0000000072f44000 	C:\Program Files\MATLAB\R2011b\bin\win64\hdf5dll.dll
0x0000000075710000 - 0x000000007579d000 	C:\Program Files\MATLAB\R2011b\bin\win64\jmi.dll
0x0000000005000000 - 0x000000000500e000 	C:\Program Files\MATLAB\R2011b\bin\win64\nativejava_services.dll
0x000000005a220000 - 0x000000005a263000 	C:\Program Files\MATLAB\R2011b\bin\win64\libmwhardcopy.dll
0x00000000567a0000 - 0x0000000056803000 	C:\Program Files\MATLAB\R2011b\bin\win64\libuij.dll
0x0000000055850000 - 0x0000000055a57000 	C:\Program Files\MATLAB\R2011b\bin\win64\hgdatatypes.dll
0x0000000055390000 - 0x0000000055489000 	C:\Program Files\MATLAB\R2011b\bin\win64\hgutils.dll
0x0000000055630000 - 0x00000000556ed000 	C:\Program Files\MATLAB\R2011b\bin\win64\udd_mi.dll
0x0000000005070000 - 0x0000000005339000 	C:\Program Files\MATLAB\R2011b\bin\win64\uiw.dll
0x000000005a1a0000 - 0x000000005a1af000 	C:\Program Files\MATLAB\R2011b\bin\win64\uinone.dll
0x000007fef9580000 - 0x000007fef9598000 	C:\Windows\system32\MPR.dll
0x0000000077b10000 - 0x0000000077ff4000 	C:\Windows\WinSxS\amd64_microsoft.vc90.mfc_1fc8b3b9a1e18e3b_9.0.30729.6161_none_044aad0bab1eb146\mfc90.dll
0x000007fefac00000 - 0x000007fefac07000 	C:\Windows\system32\MSIMG32.dll
0x000007fefa480000 - 0x000007fefa4f1000 	C:\Windows\system32\WINSPOOL.DRV
0x000000005a170000 - 0x000000005a191000 	C:\Program Files\MATLAB\R2011b\bin\win64\mwoles05.DLL
0x0000000056c80000 - 0x0000000056cf5000 	C:\Program Files\MATLAB\R2011b\bin\win64\comcli.dll
0x0000000071d20000 - 0x0000000071d4f000 	C:\Windows\WinSxS\amd64_microsoft.vc90.atl_1fc8b3b9a1e18e3b_9.0.30729.6161_none_0a1fd3a3a768b895\ATL90.DLL
0x0000000059df0000 - 0x0000000059dfc000 	C:\Program Files\MATLAB\R2011b\bin\win64\mlautoregister.dll
0x0000000005390000 - 0x00000000053a0000 	C:\Program Files\MATLAB\R2011b\bin\win64\boost_iostreams-vc90-mt-1_44.dll
0x000007fefd270000 - 0x000007fefd2c7000 	C:\Windows\system32\apphelp.dll
0x000007fee9ca0000 - 0x000007fee9cf1000 	C:\Windows\AppPatch\AppPatch64\AcGenral.DLL
0x000007fefd240000 - 0x000007fefd265000 	C:\Windows\system32\SspiCli.dll
0x0000000067d70000 - 0x0000000067d73000 	C:\Windows\system32\sfc.dll
0x000007fef4830000 - 0x000007fef4840000 	C:\Windows\system32\sfc_os.DLL
0x000007fefd740000 - 0x000007fefd75e000 	C:\Windows\system32\USERENV.dll
0x000007fefd440000 - 0x000007fefd44f000 	C:\Windows\system32\profapi.dll
0x000007fefb5a0000 - 0x000007fefb5b8000 	C:\Windows\system32\dwmapi.dll
0x000007fefd900000 - 0x000007fefd92e000 	C:\Windows\system32\IMM32.DLL
0x000007feff190000 - 0x000007feff299000 	C:\Windows\system32\MSCTF.dll
0x000007fefb980000 - 0x000007fefb9d6000 	C:\Windows\system32\UxTheme.dll
0x0000000059de0000 - 0x0000000059def000 	C:\Windows\WinSxS\amd64_microsoft.vc90.mfcloc_1fc8b3b9a1e18e3b_9.0.30729.6161_none_01c9581e60cbee58\MFC90FRA.DLL
0x0000000005400000 - 0x0000000005429000 	C:\Program Files\MATLAB\R2011b\bin\win64\tbbmalloc.dll
0x000007fefa660000 - 0x000007fefa687000 	C:\Windows\system32\iphlpapi.dll
0x000007fefa650000 - 0x000007fefa65b000 	C:\Windows\system32\WINNSI.DLL
0x000007fefca90000 - 0x000007fefcaeb000 	C:\Windows\system32\DNSAPI.dll
0x000007fef9df0000 - 0x000007fef9e01000 	C:\Windows\system32\dhcpcsvc6.DLL
0x000007fef9dd0000 - 0x000007fef9de8000 	C:\Windows\system32\dhcpcsvc.DLL
0x0000000059dd0000 - 0x0000000059dd3000 	C:\Windows\system32\icmp.Dll
0x000007fefd2d0000 - 0x000007fefd2df000 	C:\Windows\system32\CRYPTBASE.dll
0x000007fefd520000 - 0x000007fefd556000 	C:\Windows\system32\CFGMGR32.dll
0x000007feff770000 - 0x000007feff809000 	C:\Windows\system32\CLBCatQ.DLL
0x0000000078870000 - 0x0000000078ecd000 	C:\Program Files\MATLAB\R2011b\sys\java\jre\win64\jre\bin\server\jvm.dll
0x000007fefa6b0000 - 0x000007fefa6eb000 	C:\Windows\system32\WINMM.dll

VM Arguments:
jvm_args: -Xss512k -XX:PermSize=32m -Xms64m -XX:NewRatio=3 -XX:MaxPermSize=128m -Xmx196m -XX:MaxDirectMemorySize=2147400000 -Dsun.java2d.noddraw=true -Dsun.awt.nopixfmt=true -Xshare:off -Xrs -Dsun.awt.disableMixing=true -Djava.library.path=C:\Program Files\MATLAB\R2011b\bin\win64 vfprintf abort 
java_command: <unknown>
Launcher Type: generic

Environment Variables:
CLASSPATH=.;C:\Program Files (x86)\Java\jre7\lib\ext\QTJava.zip
PATH=C:\Program Files\MATLAB\R2011b\bin\win64;C:\ProgramData\Oracle\Java\javapath;C:\Program Files\Common Files\Microsoft Shared\Windows Live;C:\Program Files (x86)\Common Files\Microsoft Shared\Windows Live;C:\Perl64\site\bin;C:\Perl64\bin;C:\Program Files (x86)\Microchip\mplabc32\v2.02\bin;C:\Program Files (x86)\Microchip\mplabc32\v2.01\bin;C:\Program Files (x86)\Microchip\MPLAB C30\bin;C:\Program Files (x86)\ImageMagick-6.7.6-Q8;C:\Windows\system32;C:\Windows;C:\Windows\System32\Wbem;C:\Windows\System32\WindowsPowerShell\v1.0\;C:\Program Files (x86)\Microsoft SQL Server\100\Tools\Binn\;C:\Program Files\Microsoft SQL Server\100\Tools\Binn\;C:\Program Files\Microsoft SQL Server\100\DTS\Binn\;C:\Program Files\MATLAB\R2015b\runtime\win64;C:\Program Files\MATLAB\R2015b\bin;C:\Program Files\MATLAB\R2013a\runtime\win64;C:\Program Files\MATLAB\R2013a\bin;C:\Program Files\MATLAB\R2011b\runtime\win64;C:\Program Files\MATLAB\R2011b\bin;C:\Program Files (x86)\MiKTeX 2.9\miktex\bin;C:\Program Files (x86)\gs\gs9.00\lib;C:\Program Files (x86)\gs\gs9.00\bin;C:\Program Files (x86)\gs\fonts;C:\Program Files (x86)\ImageMagick-6.7.6-Q8;C:\Program Files (x86)\ghostgum\pstoedit;C:\Program Files\MATLAB\R2011a\runtime\win64;C:\Program Files\MATLAB\R2011a\bin;C:\Program Files (x86)\Microchip\MPLAB C32 Suite\bin;C:\Program Files\MiKTeX 2.9\miktex\bin\x64\;C:\Program Files (x86)\QuickTime\QTSystem\;C:\Program Files\Quanser\QUARC\;C:\Program Files\Vicon\DataStream SDK\Win64\CPP;C:\Program Files\TortoiseSVN\bin;C:\Program Files (x86)\Windows Live\Shared;C:\Program Files\MATLAB\R2015b\polyspace\bin;C:\Program Files (x86)\Skype\Phone\;C:\Program Files\Intel\WiFi\bin\;C:\Program Files\Common Files\Intel\WirelessCommon\;C:\Program Files (x86)\Microchip\mplabc32\v2.02\bin;C:\Program Files (x86)\Microchip\mplabc32\v2.01\bin;C:\Program Files\Intel\WiFi\bin\;C:\Program Files\Common Files\Intel\WirelessCommon\
USERNAME=keynux
OS=Windows_NT
PROCESSOR_IDENTIFIER=Intel64 Family 6 Model 45 Stepping 7, GenuineIntel



---------------  S Y S T E M  ---------------

OS: Windows 7 Build 7601 Service Pack 1

CPU:total 12 (16 cores per cpu, 2 threads per core) family 6 model 45 stepping 7, cmov, cx8, fxsr, mmx, sse, sse2, sse3, ssse3, sse4.1, sse4.2, ht

Memory: 4k page, physical 33502236k(27734212k free), swap 67002636k(60045488k free)

vm_info: Java HotSpot(TM) 64-Bit Server VM (14.3-b01) for windows-amd64 JRE (1.6.0_17-b04), built on Oct 11 2009 00:46:08 by "java_re" with MS VC++ 8.0

time: Tue Feb 28 13:38:07 2017
elapsed time: 67 seconds

